snl_SAT 26 pdr 0 46
0000000000000000000000000000000
0000000110
0000111100
0001101111
0001001001
0001101001
0001111010
0001111010
0001001011
0000011111
0000001010
0000011111
0000101010
0000001011
0001001111
0000111011
0001011011
0001000011
0010011010
0001111011
0000011010
0000101011
0001011010
0001101011
0011011010
0010011011
0001110011
0010110111
0000100010
0011101011
0011001011
0000100010
0011001010
0001101010
0001110110
0011111010
0001110110
0011111010
0010001100
0000101010
0011011010
0000101010
0000001010
0001011010
0001011010
0001010010
0001010010
0000000000
