snl_SAT 20 pdr 0 46
000000000000000000000000000000000
0000000110
0010001010
0101101111
0110100111
0011010001
0000101110
0100101010
0100101111
0100101011
0111001001
0100000111
0100011110
0000001011
0101011001
0101101001
0111001001
0100011011
0100000110
0101001011
0101011110
0100111111
0100000000
0100000110
0100111010
0111000011
0111001001
0111100011
0101111010
0111101011
0111111011
0101111010
0101111110
0100001010
0110011010
0000010010
0000000000
0000010010
0000000000
0000010010
0000000000
0001010010
0000000000
0000000010
0000000000
0000000000
0000000000
0000000000
