snl_SAT 14 pdr 0 42
00000000000000000000000000000000
0000000000
0101111011
0100000000
0101111010
0000000000
0101111011
0101111111
0101000010
0111000110
0101011011
0111101000
0101010011
0101111011
0101111011
0101111011
0111100011
0100001000
0100111011
0100111011
0110011010
0101010110
0110001000
0100001010
0101101110
0100011010
0101101000
0100011010
0100111010
0100111010
0100011010
0100011010
0100000110
0100000110
0101011110
0101011110
0100011010
0010001010
0000000010
0000000010
0000000010
0000000010
0000000000
0000000000
