snl_SAT 47 int 0 48
000000000000000000000000000000000000000000000000000000000000000000000000000000000000000000000000000000000
0000000000000000011
0000001000001100011
0000000000000100010
0000000000000010101
0000000000001011101
0000000000000011101
0000010000000001101
0000010000100001001
0000001000100111001
0000110010100000111
0000110000000010101
0000110000001010101
0000110000001011101
0100110000000000101
0000111000100001011
0000111000001001100
0000110000100111000
0000100000100000011
0000110100101100111
0000010110001000100
0000100000001011101
0000111010000111101
0000110000001010101
0000010000000101101
0000010010000111111
0000000010000000100
0000010010001010101
0000010010001010101
0001110010100001111
0000000010100001101
0000100010101111111
0000100000000100011
0001001011100101100
0000000010100110101
0000111010110110101
0001110000101110101
0000111010100100101
0001011000100111100
0000110011101100100
0011011011100111111
0000110011100010100
0000011000100011010
0010101000101100010
0000101000100110100
0001000001101100101
0001111000101000101
0010111000111000101
0000000000000000000
0000000000000000000
